<?xml version="1.0" encoding="UTF-8"?>
<testng-results ignored="0" total="1" passed="1" failed="0" skipped="0">
  <reporter-output>
  </reporter-output>
  <suite started-at="2025-10-08T16:04:49 IST" name="Surefire suite" finished-at="2025-10-08T16:04:53 IST" duration-ms="4123">
    <groups>
    </groups>
    <test started-at="2025-10-08T16:04:49 IST" name="Surefire test" finished-at="2025-10-08T16:04:53 IST" duration-ms="4123">
      <class name="com.tests.LoginTest">
        <test-method is-config="true" signature="setUp()[pri:0, instance:com.tests.LoginTest@63a65a25]" started-at="2025-10-08T16:04:49 IST" name="setUp" finished-at="2025-10-08T16:04:51 IST" duration-ms="2187" status="PASS">
          <reporter-output>
          </reporter-output>
        </test-method> <!-- setUp -->
        <test-method signature="onTest()[pri:0, instance:com.tests.LoginTest@63a65a25]" started-at="2025-10-08T16:04:51 IST" name="onTest" finished-at="2025-10-08T16:04:53 IST" duration-ms="1580" status="PASS">
          <reporter-output>
          </reporter-output>
        </test-method> <!-- onTest -->
        <test-method is-config="true" signature="tearDown()[pri:0, instance:com.tests.LoginTest@63a65a25]" started-at="2025-10-08T16:04:53 IST" name="tearDown" finished-at="2025-10-08T16:04:53 IST" duration-ms="281" status="PASS">
          <reporter-output>
          </reporter-output>
        </test-method> <!-- tearDown -->
      </class> <!-- com.tests.LoginTest -->
    </test> <!-- Surefire test -->
  </suite> <!-- Surefire suite -->
</testng-results>
