<?xml version="1.0" encoding="UTF-8"?>
<testng-results ignored="0" total="1" passed="1" failed="0" skipped="0">
  <reporter-output>
  </reporter-output>
  <suite started-at="2025-10-08T22:29:38 IST" name="Suite" finished-at="2025-10-08T22:29:41 IST" duration-ms="3080">
    <groups>
    </groups>
    <test started-at="2025-10-08T22:29:38 IST" name="Test" finished-at="2025-10-08T22:29:41 IST" duration-ms="3080">
      <class name="com.tests.LoginTest">
        <test-method is-config="true" signature="setUp()[pri:0, instance:com.tests.LoginTest@2a4fb17b]" started-at="2025-10-08T22:29:38 IST" name="setUp" finished-at="2025-10-08T22:29:39 IST" duration-ms="1295" status="PASS">
          <reporter-output>
          </reporter-output>
        </test-method> <!-- setUp -->
        <test-method signature="onTest()[pri:0, instance:com.tests.LoginTest@2a4fb17b]" started-at="2025-10-08T22:29:39 IST" name="onTest" finished-at="2025-10-08T22:29:40 IST" duration-ms="1025" status="PASS">
          <reporter-output>
          </reporter-output>
        </test-method> <!-- onTest -->
        <test-method is-config="true" signature="tearDown()[pri:0, instance:com.tests.LoginTest@2a4fb17b]" started-at="2025-10-08T22:29:41 IST" name="tearDown" finished-at="2025-10-08T22:29:41 IST" duration-ms="221" status="PASS">
          <reporter-output>
          </reporter-output>
        </test-method> <!-- tearDown -->
      </class> <!-- com.tests.LoginTest -->
    </test> <!-- Test -->
  </suite> <!-- Suite -->
</testng-results>
